<?xml version="1.0" encoding="UTF-8"?>
<testsuite xmlns:xsi="http://www.w3.org/2001/XMLSchema-instance" xsi:noNamespaceSchemaLocation="https://maven.apache.org/surefire/maven-surefire-plugin/xsd/surefire-test-report.xsd" version="3.0.2" name="com.example.demo.AppUserRestControllerTest" time="2.347" tests="3" errors="0" skipped="0" failures="0">
  <properties>
[...]
</properties>
  <testcase name="testUpdateUser" classname="com.example.demo.AppUserRestControllerTest" time="0.208">
    <system-out><![CDATA[15:44:04.431 [main] INFO org.springframework.test.context.support.AnnotationConfigContextLoaderUtils -- Could not detect default configuration classes for test class [com.example.demo.AppUserRestControllerTest]: AppUserRestControllerTest does not declare any static, non-private, non-final, nested classes annotated with @Configuration.
15:44:04.488 [main] INFO org.springframework.boot.test.context.SpringBootTestContextBootstrapper -- Found @SpringBootConfiguration com.example.demo.SpringbootDemoAppApplication for test class com.example.demo.AppUserRestControllerTest

  .   ____          _            __ _ _
 /\\ / ___'_ __ _ _(_)_ __  __ _ \ \ \ \
( ( )\___ | '_ | '_| | '_ \/ _` | \ \ \ \
 \\/  ___)| |_)| | | | | || (_| |  ) ) ) )
  '  |____| .__|_| |_|_| |_\__, | / / / /
 =========|_|==============|___/=/_/_/_/

 :: Spring Boot ::                (v3.5.3)

Hibernate: drop table if exists app_user cascade 
Hibernate: drop table if exists basket_items cascade 
Hibernate: drop table if exists baskets cascade 
Hibernate: drop table if exists product cascade 
Hibernate: create table app_user (id bigint generated by default as identity, email varchar(255), name varchar(255), primary key (id))
Hibernate: create table basket_items (quantity integer not null, basket_id bigint not null, id bigint generated by default as identity, product_id bigint not null, primary key (id))
Hibernate: create table baskets (id bigint generated by default as identity, primary key (id))
Hibernate: create table product (price float(53), id bigint generated by default as identity, name varchar(255), primary key (id))
Hibernate: alter table if exists basket_items add constraint FKnx44qatthch57p2bgo873qfxu foreign key (basket_id) references baskets
Hibernate: alter table if exists basket_items add constraint FK4wfen7ten4qjcumokqi6h711i foreign key (product_id) references product
Hibernate: INSERT INTO product (name, price) VALUES ('Demo Product 1', 10.99)
Hibernate: INSERT INTO product (name, price) VALUES ('Demo Product 2', 19.99)
Hibernate: select au1_0.id,au1_0.email,au1_0.name from app_user au1_0
Hibernate: insert into app_user (email,name,id) values (?,?,default)
Hibernate: select au1_0.id,au1_0.email,au1_0.name from app_user au1_0 where au1_0.id=?
Hibernate: update app_user set email=?,name=? where id=?
]]></system-out>
    <system-err><![CDATA[15:44:05,114 |-WARN in Logger[org.springframework.data.repository.config.RepositoryConfigurationDelegate] - No appenders present in context [default] for logger [org.springframework.data.repository.config.RepositoryConfigurationDelegate].
]]></system-err>
  </testcase>
  <testcase name="testDeleteUser" classname="com.example.demo.AppUserRestControllerTest" time="0.014">
    <system-out><![CDATA[Hibernate: select au1_0.id,au1_0.email,au1_0.name from app_user au1_0
Hibernate: delete from app_user where id=?
Hibernate: insert into app_user (email,name,id) values (?,?,default)
Hibernate: select au1_0.id,au1_0.email,au1_0.name from app_user au1_0 where au1_0.id=?
Hibernate: delete from app_user where id=?
]]></system-out>
  </testcase>
  <testcase name="testCreateAndGetUser" classname="com.example.demo.AppUserRestControllerTest" time="0.012">
    <system-out><![CDATA[Hibernate: select au1_0.id,au1_0.email,au1_0.name from app_user au1_0
Hibernate: insert into app_user (email,name,id) values (?,?,default)
Hibernate: select au1_0.id,au1_0.email,au1_0.name from app_user au1_0
]]></system-out>
  </testcase>
</testsuite>